<?xml version="1.0" encoding="UTF-8"?>
<!-- Generated by org.testng.reporters.JUnitReportReporter -->
<testsuite hostname="Buvan10" failures="0" tests="2" name="com.testng.features.Dependency_Concept" time="0.015" errors="0" timestamp="2022-09-29T13:45:27 IST" skipped="0">
  <testcase classname="com.testng.features.Dependency_Concept" name="petrol" time="0.014"/>
  <system-out/>
  <testcase classname="com.testng.features.Dependency_Concept" name="bikes" time="0.001"/>
  <system-out/>
</testsuite> <!-- com.testng.features.Dependency_Concept -->
