<?xml version="1.0" encoding="UTF-8"?>
<!-- Generated by org.testng.reporters.JUnitReportReporter -->
<testsuite hostname="Buvan10" failures="0" tests="2" name="com.testng.features.Parellel_Concept" time="0.018" errors="0" timestamp="2022-09-30T13:53:35 IST" skipped="0">
  <testcase classname="com.testng.features.Parellel_Concept" name="bike" time="0.009"/>
  <system-out/>
  <testcase classname="com.testng.features.Parellel_Concept" name="car" time="0.009"/>
  <system-out/>
</testsuite> <!-- com.testng.features.Parellel_Concept -->
