<?xml version="1.0" encoding="UTF-8"?>
<!-- Generated by org.testng.reporters.JUnitReportReporter -->
<testsuite hostname="Buvan10" failures="0" tests="1" name="com.testng.features.Exp_Exception_Test" time="0.007" errors="0" timestamp="2022-09-30T13:00:57 IST" skipped="0">
  <testcase classname="com.testng.features.Exp_Exception_Test" name="demo" time="0.007"/>
  <system-out/>
</testsuite> <!-- com.testng.features.Exp_Exception_Test -->
