<?xml version="1.0" encoding="UTF-8"?>
<!-- Generated by org.testng.reporters.JUnitReportReporter -->
<testsuite hostname="Buvan10" failures="0" tests="1" name="com.testng.features.Hard_Assert" time="0.007" errors="0" timestamp="2022-10-01T13:51:38 IST" skipped="0">
  <testcase classname="com.testng.features.Hard_Assert" name="hard" time="0.007"/>
  <system-out/>
</testsuite> <!-- com.testng.features.Hard_Assert -->
