<?xml version="1.0" encoding="UTF-8"?>
<!-- Generated by org.testng.reporters.JUnitReportReporter -->
<testsuite hostname="Buvan10" failures="0" tests="5" name="com.testng.features.Grouping_Concepts" time="0.020" errors="0" timestamp="2022-09-29T13:32:59 IST" skipped="0">
  <testcase classname="com.testng.features.Grouping_Concepts" name="hcl" time="0.002"/>
  <system-out/>
  <testcase classname="com.testng.features.Grouping_Concepts" name="car" time="0.002"/>
  <system-out/>
  <testcase classname="com.testng.features.Grouping_Concepts" name="bike" time="0.012"/>
  <system-out/>
  <testcase classname="com.testng.features.Grouping_Concepts" name="tcs" time="0.002"/>
  <system-out/>
  <testcase classname="com.testng.features.Grouping_Concepts" name="bus" time="0.002"/>
  <system-out/>
</testsuite> <!-- com.testng.features.Grouping_Concepts -->
