<?xml version="1.0" encoding="UTF-8"?>
<!-- Generated by org.testng.reporters.JUnitReportReporter -->
<testsuite hostname="Buvan10" failures="0" tests="4" name="com.testng.features.Ignore_Concept" time="0.017" errors="0" timestamp="2022-09-29T13:46:47 IST" skipped="1">
  <testcase classname="com.testng.features.Ignore_Concept" name="bike" time="0.013"/>
  <system-out/>
  <testcase classname="com.testng.features.Ignore_Concept" name="tcs" time="0.002"/>
  <system-out/>
  <testcase classname="com.testng.features.Ignore_Concept" name="hcl" time="0.002"/>
  <system-out/>
  <testcase classname="com.testng.features.Ignore_Concept" name="bus">
    <skipped/>
  </testcase> <!-- bus -->
  <system-out/>
</testsuite> <!-- com.testng.features.Ignore_Concept -->
