<?xml version="1.0" encoding="UTF-8"?>
<!-- Generated by org.testng.reporters.JUnitReportReporter -->
<testsuite hostname="Buvan10" failures="0" tests="1" name="com.testng.features.Timeout_Features" time="7.028" errors="0" timestamp="2022-09-30T12:33:47 IST" skipped="0">
  <testcase classname="com.testng.features.Timeout_Features" name="name" time="7.028"/>
  <system-out/>
</testsuite> <!-- com.testng.features.Timeout_Features -->
