<?xml version="1.0" encoding="UTF-8"?>
<!-- Generated by org.testng.reporters.JUnitReportReporter -->
<testsuite hostname="Buvan10" failures="0" tests="4" name="com.testng.features.Annotations" time="0.027" errors="0" timestamp="2022-09-28T17:02:51 IST" skipped="0">
  <testcase classname="com.testng.features.Annotations" name="name" time="0.012"/>
  <system-out/>
  <testcase classname="com.testng.features.Annotations" name="number" time="0.007"/>
  <system-out/>
  <testcase classname="com.testng.features.Annotations" name="number" time="0.004"/>
  <system-out/>
  <testcase classname="com.testng.features.Annotations" name="age" time="0.004"/>
  <system-out/>
</testsuite> <!-- com.testng.features.Annotations -->
