<?xml version="1.0" encoding="UTF-8"?>
<!-- Generated by org.testng.reporters.JUnitReportReporter -->
<testsuite hostname="Buvan10" failures="0" tests="1" name="com.testng.features.Soft_Assert_Annotations" time="0.010" errors="0" timestamp="2022-10-01T14:42:54 IST" skipped="0">
  <testcase classname="com.testng.features.Soft_Assert_Annotations" name="soft" time="0.010"/>
  <system-out/>
</testsuite> <!-- com.testng.features.Soft_Assert_Annotations -->
